  billiardtable.c
c:\users\huawei\desktop\台球游戏\src\billiards\billiardtable.c(639): warning C4013: “ShowScore”未定义；假设外部返回 int
c:\users\huawei\desktop\台球游戏\src\billiards\billiardtable.c(640): warning C4013: “ShowTurn”未定义；假设外部返回 int
  main.c
c:\users\huawei\desktop\台球游戏\src\main.c(57): warning C4013: “InitialOpeningPage”未定义；假设外部返回 int
c:\users\huawei\desktop\台球游戏\src\main.c(67): warning C4244: “函数”: 从“double”转换到“int”，可能丢失数据
c:\users\huawei\desktop\台球游戏\src\main.c(94): warning C4013: “IfStop”未定义；假设外部返回 int
c:\users\huawei\desktop\台球游戏\src\main.c(94): warning C4013: “IFValidClick”未定义；假设外部返回 int
  gamepage.c
c:\users\huawei\desktop\台球游戏\src\page\gamepage.c(38): warning C4013: “GameRule”未定义；假设外部返回 int
  page.c
c:\users\huawei\desktop\台球游戏\src\page\page.c(21): warning C4013: “ShowBackGround”未定义；假设外部返回 int
c:\users\huawei\desktop\台球游戏\src\page\page.c(23): warning C4013: “DrawAmericanTable”未定义；假设外部返回 int
c:\users\huawei\desktop\台球游戏\src\page\page.c(90): warning C4013: “DisPlayOpeningPage”未定义；假设外部返回 int
c:\users\huawei\desktop\台球游戏\src\page\page.c(103): warning C4013: “InitialRule”未定义；假设外部返回 int
c:\users\huawei\desktop\台球游戏\src\page\page.c(149): warning C4013: “CloseAccount”未定义；假设外部返回 int
c:\users\huawei\desktop\台球游戏\src\page\page.c(196): warning C4013: “Login”未定义；假设外部返回 int
c:\users\huawei\desktop\台球游戏\src\page\page.c(224): warning C4013: “Register”未定义；假设外部返回 int
c:\users\huawei\desktop\台球游戏\src\page\page.c(86): warning C4101: “LoginState”: 未引用的局部变量
c:\users\huawei\desktop\台球游戏\src\page\page.c(86): warning C4101: “RegisterState”: 未引用的局部变量
  正在生成代码...
  billiardsgame.vcxproj -> C:\Users\HUAWEI\Desktop\台球游戏\billiardsgame\Debug\billiardsgame.exe
